<?xml version="1.0" encoding="UTF-8"?>
<!-- Generated by org.testng.reporters.JUnitReportReporter -->
<testsuite hostname="LAPTOP-SSV1DC61" failures="0" tests="18" name="TestCases.Githubrepo" time="24.948" errors="0" timestamp="2023-05-07T21:58:20 IST" skipped="0">
  <testcase classname="TestCases.Githubrepo" name="CreateaRepositoryfortheAuthenticatedUser" time="4.016"/>
  <system-out/>
  <testcase classname="TestCases.Githubrepo" name="UpdateaRepository" time="1.273"/>
  <system-out/>
  <testcase classname="TestCases.Githubrepo" name="GetaRepository" time="0.959"/>
  <system-out/>
  <testcase classname="TestCases.Githubrepo" name="CreateOrUpdateFileContents" time="1.114"/>
  <system-out/>
  <testcase classname="TestCases.Githubrepo" name="CreateaFork" time="1.916"/>
  <system-out/>
  <testcase classname="TestCases.Githubrepo" name="ListForks" time="0.952"/>
  <system-out/>
  <testcase classname="TestCases.Githubrepo" name="ListRepositoriesForaUser" time="1.021"/>
  <system-out/>
  <testcase classname="TestCases.Githubrepo" name="ListRepositoryLanguages" time="0.918"/>
  <system-out/>
  <testcase classname="TestCases.Githubrepo" name="ListPublicRepositories" time="1.649"/>
  <system-out/>
  <testcase classname="TestCases.Githubrepo" name="DeleteaFile" time="1.214"/>
  <system-out/>
  <testcase classname="TestCases.Githubrepo" name="ListRepositoryTags" time="0.822"/>
  <system-out/>
  <testcase classname="TestCases.Githubrepo" name="CreateAnAutolinkReferenceforaRepository" time="0.935"/>
  <system-out/>
  <testcase classname="TestCases.Githubrepo" name="ReplaceAllRepositoryTopics" time="1.412"/>
  <system-out/>
  <testcase classname="TestCases.Githubrepo" name="GetAllRepositoryTopics" time="0.918"/>
  <system-out/>
  <testcase classname="TestCases.Githubrepo" name="GetAnAutolinkReferenceofaRepository" time="2.149"/>
  <system-out/>
  <testcase classname="TestCases.Githubrepo" name="DeleteAnAutolinkReferenceFromaRepository" time="1.022"/>
  <system-out/>
  <testcase classname="TestCases.Githubrepo" name="GetaRepository2" time="0.853"/>
  <system-out/>
  <testcase classname="TestCases.Githubrepo" name="DeleteaRepository" time="1.805"/>
  <system-out/>
</testsuite> <!-- TestCases.Githubrepo -->
